<?xml version="1.0" encoding="UTF-8"?>
<!-- Generated by org.testng.reporters.JUnitReportReporter -->
<testsuite skipped="0" hostname="LAPTOP-D8RN94N0" name="com.zhaoq.testcase04.testSubject01" tests="1" failures="0" timestamp="2021-12-06T15:28:51 CST" time="0.001" errors="0">
  <testcase name="testTest" time="0.001" classname="com.zhaoq.testcase04.testSubject01"/>
  <system-out/>
</testsuite> <!-- com.zhaoq.testcase04.testSubject01 -->
